<?xml version="1.0" encoding="UTF-8"?>
<!-- Generated by org.testng.reporters.JUnitReportReporter -->
<testsuite hostname="DESKTOP-B371L1B" failures="0" tests="21" name="TestClass.checkOutPageTest" time="60.948" errors="1" timestamp="2024-08-11T17:16:22 IST" skipped="0">
  <testcase classname="TestClass.checkOutPageTest" name="RegTest" time="13.740"/>
  <system-out/>
  <testcase classname="TestClass.checkOutPageTest" name="RegTest" time="10.177">
    <error message="unexpected alert open: {Alert text : Wrong email}
  (Session info: chrome=127.0.6533.100): Wrong email
Build info: version: &#039;3.141.59&#039;, revision: &#039;e82be7d358&#039;, time: &#039;2018-11-14T08:17:03&#039;
System info: host: &#039;DESKTOP-B371L1B&#039;, ip: &#039;192.168.245.2&#039;, os.name: &#039;Windows 10&#039;, os.arch: &#039;amd64&#039;, os.version: &#039;10.0&#039;, java.version: &#039;14.0.2&#039;
Driver info: org.openqa.selenium.chrome.ChromeDriver
Capabilities {acceptInsecureCerts: false, browserName: chrome, browserVersion: 127.0.6533.100, chrome: {chromedriverVersion: 127.0.6533.99 (f31af5097d90..., userDataDir: C:\Users\zaibu\AppData\Loca...}, fedcm:accounts: true, goog:chromeOptions: {debuggerAddress: localhost:64955}, javascriptEnabled: true, networkConnectionEnabled: false, pageLoadStrategy: normal, platform: WINDOWS, platformName: WINDOWS, proxy: Proxy(), setWindowRect: true, strictFileInteractability: false, timeouts: {implicit: 0, pageLoad: 300000, script: 30000}, unhandledPromptBehavior: dismiss and notify, webauthn:extension:credBlob: true, webauthn:extension:largeBlob: true, webauthn:extension:minPinLength: true, webauthn:extension:prf: true, webauthn:virtualAuthenticators: true}
Session ID: 406444a65a8c6aee49c9030a4b13441c" type="org.openqa.selenium.UnhandledAlertException">
      <![CDATA[org.openqa.selenium.UnhandledAlertException: unexpected alert open: {Alert text : Wrong email}
  (Session info: chrome=127.0.6533.100): Wrong email
Build info: version: '3.141.59', revision: 'e82be7d358', time: '2018-11-14T08:17:03'
System info: host: 'DESKTOP-B371L1B', ip: '192.168.245.2', os.name: 'Windows 10', os.arch: 'amd64', os.version: '10.0', java.version: '14.0.2'
Driver info: org.openqa.selenium.chrome.ChromeDriver
Capabilities {acceptInsecureCerts: false, browserName: chrome, browserVersion: 127.0.6533.100, chrome: {chromedriverVersion: 127.0.6533.99 (f31af5097d90..., userDataDir: C:\Users\zaibu\AppData\Loca...}, fedcm:accounts: true, goog:chromeOptions: {debuggerAddress: localhost:64955}, javascriptEnabled: true, networkConnectionEnabled: false, pageLoadStrategy: normal, platform: WINDOWS, platformName: WINDOWS, proxy: Proxy(), setWindowRect: true, strictFileInteractability: false, timeouts: {implicit: 0, pageLoad: 300000, script: 30000}, unhandledPromptBehavior: dismiss and notify, webauthn:extension:credBlob: true, webauthn:extension:largeBlob: true, webauthn:extension:minPinLength: true, webauthn:extension:prf: true, webauthn:virtualAuthenticators: true}
Session ID: 406444a65a8c6aee49c9030a4b13441c
at org.openqa.selenium.remote.http.W3CHttpResponseCodec.decode(W3CHttpResponseCodec.java:120)
at org.openqa.selenium.remote.http.W3CHttpResponseCodec.decode(W3CHttpResponseCodec.java:49)
at org.openqa.selenium.remote.HttpCommandExecutor.execute(HttpCommandExecutor.java:158)
at org.openqa.selenium.remote.service.DriverCommandExecutor.execute(DriverCommandExecutor.java:83)
at org.openqa.selenium.remote.RemoteWebDriver.execute(RemoteWebDriver.java:552)
at org.openqa.selenium.remote.RemoteWebDriver.execute(RemoteWebDriver.java:609)
at org.openqa.selenium.remote.RemoteWebDriver.getCurrentUrl(RemoteWebDriver.java:287)
at TestClass.checkOutPageTest.RegTest(checkOutPageTest.java:128)
at java.base/jdk.internal.reflect.NativeMethodAccessorImpl.invoke0(Native Method)
at java.base/jdk.internal.reflect.NativeMethodAccessorImpl.invoke(NativeMethodAccessorImpl.java:62)
at java.base/jdk.internal.reflect.DelegatingMethodAccessorImpl.invoke(DelegatingMethodAccessorImpl.java:43)
at java.base/java.lang.reflect.Method.invoke(Method.java:564)
at org.testng.internal.MethodInvocationHelper.invokeMethod(MethodInvocationHelper.java:133)
at org.testng.internal.TestInvoker.invokeMethod(TestInvoker.java:598)
at org.testng.internal.TestInvoker.invokeTestMethod(TestInvoker.java:173)
at org.testng.internal.MethodRunner.runInSequence(MethodRunner.java:46)
at org.testng.internal.TestInvoker$MethodInvocationAgent.invoke(TestInvoker.java:824)
at org.testng.internal.TestInvoker.invokeTestMethods(TestInvoker.java:146)
at org.testng.internal.TestMethodWorker.invokeTestMethods(TestMethodWorker.java:146)
at org.testng.internal.TestMethodWorker.run(TestMethodWorker.java:128)
at java.base/java.util.ArrayList.forEach(ArrayList.java:1511)
at org.testng.TestRunner.privateRun(TestRunner.java:794)
at org.testng.TestRunner.run(TestRunner.java:596)
at org.testng.SuiteRunner.runTest(SuiteRunner.java:377)
at org.testng.SuiteRunner.runSequentially(SuiteRunner.java:371)
at org.testng.SuiteRunner.privateRun(SuiteRunner.java:332)
at org.testng.SuiteRunner.run(SuiteRunner.java:276)
at org.testng.SuiteRunnerWorker.runSuite(SuiteRunnerWorker.java:53)
at org.testng.SuiteRunnerWorker.run(SuiteRunnerWorker.java:96)
at org.testng.TestNG.runSuitesSequentially(TestNG.java:1212)
at org.testng.TestNG.runSuitesLocally(TestNG.java:1134)
at org.testng.TestNG.runSuites(TestNG.java:1063)
at org.testng.TestNG.run(TestNG.java:1031)
at org.testng.remote.AbstractRemoteTestNG.run(AbstractRemoteTestNG.java:115)
at org.testng.remote.RemoteTestNG.initAndRun(RemoteTestNG.java:251)
at org.testng.remote.RemoteTestNG.main(RemoteTestNG.java:77)
]]>
    </error>
  </testcase> <!-- RegTest -->
  <system-out/>
  <testcase classname="TestClass.checkOutPageTest" name="ShipByLandTran" time="10.337"/>
  <system-out/>
  <testcase classname="TestClass.checkOutPageTest" name="TheOneDayAirShipping" time="2.515"/>
  <system-out/>
  <testcase classname="TestClass.checkOutPageTest" name="TheTwoDayAirShipping" time="2.441"/>
  <system-out/>
  <testcase classname="TestClass.checkOutPageTest" name="ContinueShipMethod" time="0.165"/>
  <system-out/>
  <testcase classname="TestClass.checkOutPageTest" name="payByMonyOrder" time="4.582"/>
  <system-out/>
  <testcase classname="TestClass.checkOutPageTest" name="payByCreditOrDebit" time="2.413"/>
  <system-out/>
  <testcase classname="TestClass.checkOutPageTest" name="clickOnPayMethodContinue" time="2.301"/>
  <system-out/>
  <testcase classname="TestClass.checkOutPageTest" name="paymentInformVerifyStateAddress" time="0.037"/>
  <system-out/>
  <testcase classname="TestClass.checkOutPageTest" name="paymentInformVerifyCity" time="0.029"/>
  <system-out/>
  <testcase classname="TestClass.checkOutPageTest" name="ClickOnContinuePaymentInform" time="0.155"/>
  <system-out/>
  <testcase classname="TestClass.checkOutPageTest" name="VerifyConfirmOrderBackBtn" time="2.275"/>
  <system-out/>
  <testcase classname="TestClass.checkOutPageTest" name="VerifyBillingAdress" time="2.053"/>
  <system-out/>
  <testcase classname="TestClass.checkOutPageTest" name="VerifyShippingAdress" time="2.054"/>
  <system-out/>
  <testcase classname="TestClass.checkOutPageTest" name="VerifyTheUnitPrice" time="0.031"/>
  <system-out/>
  <testcase classname="TestClass.checkOutPageTest" name="VerrifyTheQuntity" time="0.035"/>
  <system-out/>
  <testcase classname="TestClass.checkOutPageTest" name="VerifyTheTotalPriceInTable" time="0.032"/>
  <system-out/>
  <testcase classname="TestClass.checkOutPageTest" name="VerifyTheTotalPriceInSlip" time="0.032"/>
  <system-out/>
  <testcase classname="TestClass.checkOutPageTest" name="ClickOnConfirmBtn" time="1.614"/>
  <system-out/>
  <testcase classname="TestClass.checkOutPageTest" name="ClickOnContinue" time="3.930"/>
  <system-out/>
</testsuite> <!-- TestClass.checkOutPageTest -->
