<?xml version="1.0" encoding="UTF-8"?>
<!-- Generated by org.testng.reporters.JUnitReportReporter -->
<testsuite hostname="DESKTOP-B371L1B" failures="1" tests="16" name="TestClass.AddProdcutPageTest" time="124.968" errors="0" timestamp="2024-08-11T17:16:22 IST" skipped="0">
  <testcase classname="TestClass.AddProdcutPageTest" name="AddToCartValidation" time="9.000"/>
  <system-out/>
  <testcase classname="TestClass.AddProdcutPageTest" name="SelectProce22GHzValidation" time="6.066"/>
  <system-out/>
  <testcase classname="TestClass.AddProdcutPageTest" name="SelectHDD320GBValidation" time="7.902"/>
  <system-out/>
  <testcase classname="TestClass.AddProdcutPageTest" name="SelectSofAcrobatReaderValidation" time="7.602"/>
  <system-out/>
  <testcase classname="TestClass.AddProdcutPageTest" name="SelectHDD400GBValidation" time="9.435"/>
  <system-out/>
  <testcase classname="TestClass.AddProdcutPageTest" name="EnterTheQuantity" time="5.648"/>
  <system-out/>
  <testcase classname="TestClass.AddProdcutPageTest" name="AddToWishListValidation" time="9.431"/>
  <system-out/>
  <testcase classname="TestClass.AddProdcutPageTest" name="SelectRam2GBValidation" time="5.713"/>
  <system-out/>
  <testcase classname="TestClass.AddProdcutPageTest" name="SelectRam4GBValidation" time="9.387"/>
  <system-out/>
  <testcase classname="TestClass.AddProdcutPageTest" name="SelectOsVistaHomeValidation" time="8.186"/>
  <system-out/>
  <testcase classname="TestClass.AddProdcutPageTest" name="EmailBtnClickValidation" time="8.490"/>
  <system-out/>
  <testcase classname="TestClass.AddProdcutPageTest" name="SelectProce25GHzValidation" time="5.612"/>
  <system-out/>
  <testcase classname="TestClass.AddProdcutPageTest" name="SelectOsPremiumHomeValidation" time="7.753"/>
  <system-out/>
  <testcase classname="TestClass.AddProdcutPageTest" name="SelectSofTotalComanderValidation" time="9.403"/>
  <system-out/>
  <testcase classname="TestClass.AddProdcutPageTest" name="SelectSofMicOfficeValidation" time="9.170">
    <failure message="expected [$1,265.00] but found [$1,315.00]" type="java.lang.AssertionError">
      <![CDATA[java.lang.AssertionError: expected [$1,265.00] but found [$1,315.00]
at org.testng.Assert.fail(Assert.java:99)
at org.testng.Assert.failNotEquals(Assert.java:1037)
at org.testng.Assert.assertEqualsImpl(Assert.java:140)
at org.testng.Assert.assertEquals(Assert.java:122)
at org.testng.Assert.assertEquals(Assert.java:629)
at org.testng.Assert.assertEquals(Assert.java:639)
at TestClass.AddProdcutPageTest.SelectSofMicOfficeValidation(AddProdcutPageTest.java:242)
at java.base/jdk.internal.reflect.NativeMethodAccessorImpl.invoke0(Native Method)
at java.base/jdk.internal.reflect.NativeMethodAccessorImpl.invoke(NativeMethodAccessorImpl.java:62)
at java.base/jdk.internal.reflect.DelegatingMethodAccessorImpl.invoke(DelegatingMethodAccessorImpl.java:43)
at java.base/java.lang.reflect.Method.invoke(Method.java:564)
at org.testng.internal.MethodInvocationHelper.invokeMethod(MethodInvocationHelper.java:133)
at org.testng.internal.TestInvoker.invokeMethod(TestInvoker.java:598)
at org.testng.internal.TestInvoker.invokeTestMethod(TestInvoker.java:173)
at org.testng.internal.MethodRunner.runInSequence(MethodRunner.java:46)
at org.testng.internal.TestInvoker$MethodInvocationAgent.invoke(TestInvoker.java:824)
at org.testng.internal.TestInvoker.invokeTestMethods(TestInvoker.java:146)
at org.testng.internal.TestMethodWorker.invokeTestMethods(TestMethodWorker.java:146)
at org.testng.internal.TestMethodWorker.run(TestMethodWorker.java:128)
at java.base/java.util.ArrayList.forEach(ArrayList.java:1511)
at org.testng.TestRunner.privateRun(TestRunner.java:794)
at org.testng.TestRunner.run(TestRunner.java:596)
at org.testng.SuiteRunner.runTest(SuiteRunner.java:377)
at org.testng.SuiteRunner.runSequentially(SuiteRunner.java:371)
at org.testng.SuiteRunner.privateRun(SuiteRunner.java:332)
at org.testng.SuiteRunner.run(SuiteRunner.java:276)
at org.testng.SuiteRunnerWorker.runSuite(SuiteRunnerWorker.java:53)
at org.testng.SuiteRunnerWorker.run(SuiteRunnerWorker.java:96)
at org.testng.TestNG.runSuitesSequentially(TestNG.java:1212)
at org.testng.TestNG.runSuitesLocally(TestNG.java:1134)
at org.testng.TestNG.runSuites(TestNG.java:1063)
at org.testng.TestNG.run(TestNG.java:1031)
at org.testng.remote.AbstractRemoteTestNG.run(AbstractRemoteTestNG.java:115)
at org.testng.remote.RemoteTestNG.initAndRun(RemoteTestNG.java:251)
at org.testng.remote.RemoteTestNG.main(RemoteTestNG.java:77)
]]>
    </failure>
  </testcase> <!-- SelectSofMicOfficeValidation -->
  <system-out/>
  <testcase classname="TestClass.AddProdcutPageTest" name="SelectRam8GBValidation" time="6.170"/>
  <system-out/>
</testsuite> <!-- TestClass.AddProdcutPageTest -->
